{"C:\\Users\\badra\\Documents\\web_project\\auth-api\\src\\Commons\\exceptions\\AuthenticationError.js": {"path":"C:\\Users\\badra\\Documents\\web_project\\auth-api\\src\\Commons\\exceptions\\AuthenticationError.js","statementMap":{"0":{"start":{"line":1,"column":20},"end":{"line":1,"column":44}},"1":{"start":{"line":5,"column":6},"end":{"line":5,"column":26}},"2":{"start":{"line":6,"column":6},"end":{"line":6,"column":40}},"3":{"start":{"line":10,"column":2},"end":{"line":10,"column":39}}},"fnMap":{"0":{"name":"(anonymous_0)","decl":{"start":{"line":4,"column":4},"end":{"line":4,"column":5}},"loc":{"start":{"line":4,"column":25},"end":{"line":7,"column":5}},"line":4}},"branchMap":{},"s":{"0":1,"1":1,"2":1,"3":1},"f":{"0":1},"b":{},"_coverageSchema":"1a1c01bbd47fc00a2c39e90264f33305004495a9","hash":"ad98763bbd57eafbcdfc1328989cf4a6a91c4ea3"}
,"C:\\Users\\badra\\Documents\\web_project\\auth-api\\src\\Commons\\exceptions\\ClientError.js": {"path":"C:\\Users\\badra\\Documents\\web_project\\auth-api\\src\\Commons\\exceptions\\ClientError.js","statementMap":{"0":{"start":{"line":3,"column":8},"end":{"line":3,"column":23}},"1":{"start":{"line":5,"column":8},"end":{"line":7,"column":9}},"2":{"start":{"line":6,"column":12},"end":{"line":6,"column":64}},"3":{"start":{"line":9,"column":8},"end":{"line":9,"column":37}},"4":{"start":{"line":10,"column":8},"end":{"line":10,"column":33}},"5":{"start":{"line":14,"column":0},"end":{"line":14,"column":28}}},"fnMap":{"0":{"name":"(anonymous_0)","decl":{"start":{"line":2,"column":4},"end":{"line":2,"column":5}},"loc":{"start":{"line":2,"column":41},"end":{"line":11,"column":5}},"line":2}},"branchMap":{"0":{"loc":{"start":{"line":2,"column":25},"end":{"line":2,"column":40}},"type":"default-arg","locations":[{"start":{"line":2,"column":37},"end":{"line":2,"column":40}}],"line":2},"1":{"loc":{"start":{"line":5,"column":8},"end":{"line":7,"column":9}},"type":"if","locations":[{"start":{"line":5,"column":8},"end":{"line":7,"column":9}},{"start":{},"end":{}}],"line":5}},"s":{"0":4,"1":4,"2":1,"3":3,"4":3,"5":4},"f":{"0":4},"b":{"0":[2],"1":[1,3]},"_coverageSchema":"1a1c01bbd47fc00a2c39e90264f33305004495a9","hash":"2f8340367840d056fbfdc1dae71ec27dfe4dda75"}
,"C:\\Users\\badra\\Documents\\web_project\\auth-api\\src\\Commons\\exceptions\\InvariantError.js": {"path":"C:\\Users\\badra\\Documents\\web_project\\auth-api\\src\\Commons\\exceptions\\InvariantError.js","statementMap":{"0":{"start":{"line":1,"column":20},"end":{"line":1,"column":44}},"1":{"start":{"line":5,"column":8},"end":{"line":5,"column":23}},"2":{"start":{"line":6,"column":8},"end":{"line":6,"column":37}},"3":{"start":{"line":10,"column":0},"end":{"line":10,"column":32}}},"fnMap":{"0":{"name":"(anonymous_0)","decl":{"start":{"line":4,"column":4},"end":{"line":4,"column":5}},"loc":{"start":{"line":4,"column":24},"end":{"line":7,"column":5}},"line":4}},"branchMap":{},"s":{"0":1,"1":1,"2":1,"3":1},"f":{"0":1},"b":{},"_coverageSchema":"1a1c01bbd47fc00a2c39e90264f33305004495a9","hash":"6bf63f0e72add4a6520f4931b1c3a3e6b9a24585"}
,"C:\\Users\\badra\\Documents\\web_project\\auth-api\\src\\Commons\\exceptions\\NotFoundError.js": {"path":"C:\\Users\\badra\\Documents\\web_project\\auth-api\\src\\Commons\\exceptions\\NotFoundError.js","statementMap":{"0":{"start":{"line":1,"column":20},"end":{"line":1,"column":44}},"1":{"start":{"line":5,"column":4},"end":{"line":5,"column":24}},"2":{"start":{"line":6,"column":4},"end":{"line":6,"column":32}},"3":{"start":{"line":10,"column":0},"end":{"line":10,"column":31}}},"fnMap":{"0":{"name":"(anonymous_0)","decl":{"start":{"line":4,"column":2},"end":{"line":4,"column":3}},"loc":{"start":{"line":4,"column":23},"end":{"line":7,"column":3}},"line":4}},"branchMap":{},"s":{"0":1,"1":1,"2":1,"3":1},"f":{"0":1},"b":{},"_coverageSchema":"1a1c01bbd47fc00a2c39e90264f33305004495a9","hash":"f47f895a158ef96f8ea25c81cc325ec3f59b4327"}
,"C:\\Users\\badra\\Documents\\web_project\\auth-api\\src\\Domains\\users\\UserRepository.js": {"path":"C:\\Users\\badra\\Documents\\web_project\\auth-api\\src\\Domains\\users\\UserRepository.js","statementMap":{"0":{"start":{"line":3,"column":8},"end":{"line":3,"column":66}},"1":{"start":{"line":7,"column":8},"end":{"line":7,"column":66}},"2":{"start":{"line":11,"column":0},"end":{"line":11,"column":32}}},"fnMap":{"0":{"name":"(anonymous_0)","decl":{"start":{"line":2,"column":4},"end":{"line":2,"column":5}},"loc":{"start":{"line":2,"column":31},"end":{"line":4,"column":5}},"line":2},"1":{"name":"(anonymous_1)","decl":{"start":{"line":6,"column":4},"end":{"line":6,"column":5}},"loc":{"start":{"line":6,"column":43},"end":{"line":8,"column":5}},"line":6}},"branchMap":{},"s":{"0":1,"1":1,"2":1},"f":{"0":1,"1":1},"b":{},"_coverageSchema":"1a1c01bbd47fc00a2c39e90264f33305004495a9","hash":"8bd674a7ea23186e852b32cf500cf019a99f75fd"}
,"C:\\Users\\badra\\Documents\\web_project\\auth-api\\src\\Domains\\users\\entities\\RegisterUser.js": {"path":"C:\\Users\\badra\\Documents\\web_project\\auth-api\\src\\Domains\\users\\entities\\RegisterUser.js","statementMap":{"0":{"start":{"line":3,"column":6},"end":{"line":3,"column":35}},"1":{"start":{"line":5,"column":47},"end":{"line":5,"column":54}},"2":{"start":{"line":7,"column":6},"end":{"line":7,"column":31}},"3":{"start":{"line":8,"column":6},"end":{"line":8,"column":31}},"4":{"start":{"line":9,"column":6},"end":{"line":9,"column":31}},"5":{"start":{"line":13,"column":6},"end":{"line":15,"column":7}},"6":{"start":{"line":14,"column":8},"end":{"line":14,"column":69}},"7":{"start":{"line":17,"column":6},"end":{"line":19,"column":7}},"8":{"start":{"line":18,"column":8},"end":{"line":18,"column":74}},"9":{"start":{"line":21,"column":6},"end":{"line":23,"column":7}},"10":{"start":{"line":22,"column":8},"end":{"line":22,"column":61}},"11":{"start":{"line":25,"column":6},"end":{"line":27,"column":7}},"12":{"start":{"line":26,"column":8},"end":{"line":26,"column":79}},"13":{"start":{"line":31,"column":2},"end":{"line":31,"column":32}}},"fnMap":{"0":{"name":"(anonymous_0)","decl":{"start":{"line":2,"column":4},"end":{"line":2,"column":5}},"loc":{"start":{"line":2,"column":25},"end":{"line":10,"column":5}},"line":2},"1":{"name":"(anonymous_1)","decl":{"start":{"line":12,"column":4},"end":{"line":12,"column":5}},"loc":{"start":{"line":12,"column":53},"end":{"line":28,"column":5}},"line":12}},"branchMap":{"0":{"loc":{"start":{"line":13,"column":6},"end":{"line":15,"column":7}},"type":"if","locations":[{"start":{"line":13,"column":6},"end":{"line":15,"column":7}},{"start":{},"end":{}}],"line":13},"1":{"loc":{"start":{"line":13,"column":10},"end":{"line":13,"column":45}},"type":"binary-expr","locations":[{"start":{"line":13,"column":10},"end":{"line":13,"column":19}},{"start":{"line":13,"column":23},"end":{"line":13,"column":32}},{"start":{"line":13,"column":36},"end":{"line":13,"column":45}}],"line":13},"2":{"loc":{"start":{"line":17,"column":6},"end":{"line":19,"column":7}},"type":"if","locations":[{"start":{"line":17,"column":6},"end":{"line":19,"column":7}},{"start":{},"end":{}}],"line":17},"3":{"loc":{"start":{"line":17,"column":10},"end":{"line":17,"column":102}},"type":"binary-expr","locations":[{"start":{"line":17,"column":10},"end":{"line":17,"column":38}},{"start":{"line":17,"column":42},"end":{"line":17,"column":70}},{"start":{"line":17,"column":74},"end":{"line":17,"column":102}}],"line":17},"4":{"loc":{"start":{"line":21,"column":6},"end":{"line":23,"column":7}},"type":"if","locations":[{"start":{"line":21,"column":6},"end":{"line":23,"column":7}},{"start":{},"end":{}}],"line":21},"5":{"loc":{"start":{"line":25,"column":6},"end":{"line":27,"column":7}},"type":"if","locations":[{"start":{"line":25,"column":6},"end":{"line":27,"column":7}},{"start":{},"end":{}}],"line":25}},"s":{"0":5,"1":1,"2":1,"3":1,"4":1,"5":5,"6":1,"7":4,"8":1,"9":3,"10":1,"11":2,"12":1,"13":1},"f":{"0":5,"1":5},"b":{"0":[1,4],"1":[5,5,5],"2":[1,3],"3":[4,3,3],"4":[1,2],"5":[1,1]},"_coverageSchema":"1a1c01bbd47fc00a2c39e90264f33305004495a9","hash":"c9ee10fa23407438e1efe376fd2870749a05f414"}
,"C:\\Users\\badra\\Documents\\web_project\\auth-api\\src\\Domains\\users\\entities\\RegisteredUser.js": {"path":"C:\\Users\\badra\\Documents\\web_project\\auth-api\\src\\Domains\\users\\entities\\RegisteredUser.js","statementMap":{"0":{"start":{"line":3,"column":6},"end":{"line":3,"column":35}},"1":{"start":{"line":5,"column":41},"end":{"line":5,"column":48}},"2":{"start":{"line":7,"column":6},"end":{"line":7,"column":19}},"3":{"start":{"line":8,"column":6},"end":{"line":8,"column":31}},"4":{"start":{"line":9,"column":6},"end":{"line":9,"column":31}},"5":{"start":{"line":13,"column":6},"end":{"line":15,"column":7}},"6":{"start":{"line":14,"column":8},"end":{"line":14,"column":71}},"7":{"start":{"line":17,"column":6},"end":{"line":19,"column":7}},"8":{"start":{"line":18,"column":8},"end":{"line":18,"column":76}},"9":{"start":{"line":23,"column":2},"end":{"line":23,"column":34}}},"fnMap":{"0":{"name":"(anonymous_0)","decl":{"start":{"line":2,"column":4},"end":{"line":2,"column":5}},"loc":{"start":{"line":2,"column":25},"end":{"line":10,"column":5}},"line":2},"1":{"name":"(anonymous_1)","decl":{"start":{"line":12,"column":4},"end":{"line":12,"column":5}},"loc":{"start":{"line":12,"column":47},"end":{"line":20,"column":5}},"line":12}},"branchMap":{"0":{"loc":{"start":{"line":13,"column":6},"end":{"line":15,"column":7}},"type":"if","locations":[{"start":{"line":13,"column":6},"end":{"line":15,"column":7}},{"start":{},"end":{}}],"line":13},"1":{"loc":{"start":{"line":13,"column":10},"end":{"line":13,"column":39}},"type":"binary-expr","locations":[{"start":{"line":13,"column":10},"end":{"line":13,"column":13}},{"start":{"line":13,"column":17},"end":{"line":13,"column":26}},{"start":{"line":13,"column":30},"end":{"line":13,"column":39}}],"line":13},"2":{"loc":{"start":{"line":17,"column":6},"end":{"line":19,"column":7}},"type":"if","locations":[{"start":{"line":17,"column":6},"end":{"line":19,"column":7}},{"start":{},"end":{}}],"line":17},"3":{"loc":{"start":{"line":17,"column":10},"end":{"line":17,"column":96}},"type":"binary-expr","locations":[{"start":{"line":17,"column":10},"end":{"line":17,"column":32}},{"start":{"line":17,"column":36},"end":{"line":17,"column":64}},{"start":{"line":17,"column":68},"end":{"line":17,"column":96}}],"line":17}},"s":{"0":3,"1":1,"2":1,"3":1,"4":1,"5":3,"6":1,"7":2,"8":1,"9":1},"f":{"0":3,"1":3},"b":{"0":[1,2],"1":[3,2,2],"2":[1,1],"3":[2,1,1]},"_coverageSchema":"1a1c01bbd47fc00a2c39e90264f33305004495a9","hash":"62f5e3176859ac3b18905b3a3a72ad7040211714"}
}
